{"D:\\Companies Assingment Projects\\Net-Worth Calculator\\my-project\\server\\server.js": {"path":"D:\\Companies Assingment Projects\\Net-Worth Calculator\\my-project\\server\\server.js","statementMap":{"0":{"start":{"line":1,"column":16},"end":{"line":1,"column":34}},"1":{"start":{"line":2,"column":22},"end":{"line":2,"column":44}},"2":{"start":{"line":3,"column":23},"end":{"line":3,"column":57}},"3":{"start":{"line":4,"column":20},"end":{"line":4,"column":44}},"4":{"start":{"line":5,"column":13},"end":{"line":5,"column":28}},"5":{"start":{"line":6,"column":0},"end":{"line":6,"column":27}},"6":{"start":{"line":8,"column":12},"end":{"line":8,"column":21}},"7":{"start":{"line":11,"column":0},"end":{"line":18,"column":5}},"8":{"start":{"line":13,"column":24},"end":{"line":13,"column":106}},"9":{"start":{"line":16,"column":24},"end":{"line":16,"column":104}},"10":{"start":{"line":17,"column":4},"end":{"line":17,"column":20}},"11":{"start":{"line":21,"column":20},"end":{"line":25,"column":1}},"12":{"start":{"line":28,"column":0},"end":{"line":28,"column":27}},"13":{"start":{"line":29,"column":0},"end":{"line":29,"column":24}},"14":{"start":{"line":32,"column":0},"end":{"line":32,"column":32}},"15":{"start":{"line":33,"column":0},"end":{"line":33,"column":28}},"16":{"start":{"line":34,"column":0},"end":{"line":36,"column":3}},"17":{"start":{"line":35,"column":2},"end":{"line":35,"column":38}},"18":{"start":{"line":39,"column":0},"end":{"line":39,"column":21}},"19":{"start":{"line":42,"column":0},"end":{"line":47,"column":1}},"20":{"start":{"line":43,"column":15},"end":{"line":43,"column":39}},"21":{"start":{"line":44,"column":2},"end":{"line":46,"column":5}},"22":{"start":{"line":45,"column":24},"end":{"line":45,"column":106}},"23":{"start":{"line":54,"column":85},"end":{"line":54,"column":39609}},"24":{"start":{"line":54,"column":89},"end":{"line":54,"column":39598}},"25":{"start":{"line":48,"column":85},"end":{"line":48,"column":39609}},"26":{"start":{"line":48,"column":89},"end":{"line":48,"column":39598}}},"fnMap":{"0":{"name":"(anonymous_0)","decl":{"start":{"line":12,"column":8},"end":{"line":12,"column":9}},"loc":{"start":{"line":12,"column":14},"end":{"line":14,"column":3}},"line":12},"1":{"name":"(anonymous_1)","decl":{"start":{"line":15,"column":9},"end":{"line":15,"column":10}},"loc":{"start":{"line":15,"column":18},"end":{"line":18,"column":3}},"line":15},"2":{"name":"(anonymous_2)","decl":{"start":{"line":34,"column":13},"end":{"line":34,"column":14}},"loc":{"start":{"line":34,"column":27},"end":{"line":36,"column":1}},"line":34},"3":{"name":"(anonymous_3)","decl":{"start":{"line":44,"column":19},"end":{"line":44,"column":20}},"loc":{"start":{"line":44,"column":25},"end":{"line":46,"column":3}},"line":44},"4":{"name":"oo_cm","decl":{"start":{"line":54,"column":77},"end":{"line":54,"column":82}},"loc":{"start":{"line":54,"column":84},"end":{"line":54,"column":39610}},"line":54},"5":{"name":"oo_cm","decl":{"start":{"line":48,"column":77},"end":{"line":48,"column":82}},"loc":{"start":{"line":48,"column":84},"end":{"line":48,"column":39610}},"line":48}},"branchMap":{"0":{"loc":{"start":{"line":42,"column":0},"end":{"line":47,"column":1}},"type":"if","locations":[{"start":{"line":42,"column":0},"end":{"line":47,"column":1}},{"start":{},"end":{}}],"line":42},"1":{"loc":{"start":{"line":43,"column":15},"end":{"line":43,"column":39}},"type":"binary-expr","locations":[{"start":{"line":43,"column":15},"end":{"line":43,"column":31}},{"start":{"line":43,"column":35},"end":{"line":43,"column":39}}],"line":43},"2":{"loc":{"start":{"line":54,"column":96},"end":{"line":54,"column":39597}},"type":"binary-expr","locations":[{"start":{"line":54,"column":96},"end":{"line":54,"column":133}},{"start":{"line":54,"column":137},"end":{"line":54,"column":39597}}],"line":54},"3":{"loc":{"start":{"line":48,"column":96},"end":{"line":48,"column":39597}},"type":"binary-expr","locations":[{"start":{"line":48,"column":96},"end":{"line":48,"column":133}},{"start":{"line":48,"column":137},"end":{"line":48,"column":39597}}],"line":48}},"s":{"0":2,"1":2,"2":2,"3":2,"4":2,"5":2,"6":2,"7":2,"8":1,"9":0,"10":0,"11":2,"12":2,"13":2,"14":2,"15":2,"16":2,"17":0,"18":2,"19":1,"20":0,"21":0,"22":0,"23":0,"24":0,"25":1,"26":1},"f":{"0":1,"1":0,"2":0,"3":0,"4":0,"5":1},"b":{"0":[0,1],"1":[0,0],"2":[0,0],"3":[1,1]},"_coverageSchema":"1a1c01bbd47fc00a2c39e90264f33305004495a9","hash":"d11c58b5f25a0d42f61a514648b08e36d0761c60"}
,"D:\\Companies Assingment Projects\\Net-Worth Calculator\\my-project\\server\\config\\db.js": {"path":"D:\\Companies Assingment Projects\\Net-Worth Calculator\\my-project\\server\\config\\db.js","statementMap":{"0":{"start":{"line":1,"column":17},"end":{"line":1,"column":36}},"1":{"start":{"line":4,"column":2},"end":{"line":4,"column":36}},"2":{"start":{"line":7,"column":0},"end":{"line":7,"column":31}}},"fnMap":{"0":{"name":"connectDB","decl":{"start":{"line":3,"column":15},"end":{"line":3,"column":24}},"loc":{"start":{"line":3,"column":35},"end":{"line":5,"column":1}},"line":3}},"branchMap":{},"s":{"0":2,"1":2,"2":2},"f":{"0":2},"b":{},"_coverageSchema":"1a1c01bbd47fc00a2c39e90264f33305004495a9","hash":"9f8f4f2c219eef55b1db3adcfa18f8f5ad1bce34"}
,"D:\\Companies Assingment Projects\\Net-Worth Calculator\\my-project\\server\\controllers\\netWorthController.js": {"path":"D:\\Companies Assingment Projects\\Net-Worth Calculator\\my-project\\server\\controllers\\netWorthController.js","statementMap":{"0":{"start":{"line":1,"column":17},"end":{"line":1,"column":51}},"1":{"start":{"line":31,"column":23},"end":{"line":64,"column":1}},"2":{"start":{"line":32,"column":2},"end":{"line":63,"column":3}},"3":{"start":{"line":33,"column":44},"end":{"line":33,"column":52}},"4":{"start":{"line":35,"column":4},"end":{"line":37,"column":5}},"5":{"start":{"line":36,"column":6},"end":{"line":36,"column":74}},"6":{"start":{"line":39,"column":24},"end":{"line":42,"column":5}},"7":{"start":{"line":40,"column":24},"end":{"line":40,"column":37}},"8":{"start":{"line":43,"column":29},"end":{"line":46,"column":5}},"9":{"start":{"line":44,"column":24},"end":{"line":44,"column":37}},"10":{"start":{"line":47,"column":21},"end":{"line":47,"column":51}},"11":{"start":{"line":49,"column":24},"end":{"line":54,"column":6}},"12":{"start":{"line":56,"column":4},"end":{"line":56,"column":29}},"13":{"start":{"line":57,"column":4},"end":{"line":57,"column":80}},"14":{"start":{"line":59,"column":4},"end":{"line":59,"column":52}},"15":{"start":{"line":60,"column":4},"end":{"line":62,"column":73}},"16":{"start":{"line":66,"column":0},"end":{"line":66,"column":36}}},"fnMap":{"0":{"name":"(anonymous_0)","decl":{"start":{"line":31,"column":23},"end":{"line":31,"column":24}},"loc":{"start":{"line":31,"column":43},"end":{"line":64,"column":1}},"line":31},"1":{"name":"(anonymous_1)","decl":{"start":{"line":40,"column":6},"end":{"line":40,"column":7}},"loc":{"start":{"line":40,"column":24},"end":{"line":40,"column":37}},"line":40},"2":{"name":"(anonymous_2)","decl":{"start":{"line":44,"column":6},"end":{"line":44,"column":7}},"loc":{"start":{"line":44,"column":24},"end":{"line":44,"column":37}},"line":44}},"branchMap":{"0":{"loc":{"start":{"line":35,"column":4},"end":{"line":37,"column":5}},"type":"if","locations":[{"start":{"line":35,"column":4},"end":{"line":37,"column":5}},{"start":{},"end":{}}],"line":35},"1":{"loc":{"start":{"line":35,"column":8},"end":{"line":35,"column":42}},"type":"binary-expr","locations":[{"start":{"line":35,"column":8},"end":{"line":35,"column":15}},{"start":{"line":35,"column":19},"end":{"line":35,"column":26}},{"start":{"line":35,"column":30},"end":{"line":35,"column":42}}],"line":35}},"s":{"0":2,"1":2,"2":1,"3":1,"4":1,"5":0,"6":1,"7":2,"8":1,"9":1,"10":1,"11":1,"12":1,"13":0,"14":1,"15":1,"16":2},"f":{"0":1,"1":2,"2":1},"b":{"0":[0,1],"1":[1,1,1]},"_coverageSchema":"1a1c01bbd47fc00a2c39e90264f33305004495a9","hash":"873d94c570b9842c896dd302b74ecaa9db97daac"}
,"D:\\Companies Assingment Projects\\Net-Worth Calculator\\my-project\\server\\controllers\\user.js": {"path":"D:\\Companies Assingment Projects\\Net-Worth Calculator\\my-project\\server\\controllers\\user.js","statementMap":{"0":{"start":{"line":1,"column":13},"end":{"line":1,"column":38}},"1":{"start":{"line":2,"column":15},"end":{"line":2,"column":32}},"2":{"start":{"line":3,"column":12},"end":{"line":3,"column":35}},"3":{"start":{"line":6,"column":20},"end":{"line":28,"column":1}},"4":{"start":{"line":7,"column":2},"end":{"line":27,"column":3}},"5":{"start":{"line":8,"column":32},"end":{"line":8,"column":40}},"6":{"start":{"line":9,"column":17},"end":{"line":9,"column":46}},"7":{"start":{"line":10,"column":4},"end":{"line":12,"column":5}},"8":{"start":{"line":11,"column":6},"end":{"line":11,"column":76}},"9":{"start":{"line":13,"column":28},"end":{"line":13,"column":73}},"10":{"start":{"line":14,"column":4},"end":{"line":16,"column":5}},"11":{"start":{"line":15,"column":6},"end":{"line":15,"column":67}},"12":{"start":{"line":17,"column":18},"end":{"line":23,"column":5}},"13":{"start":{"line":24,"column":4},"end":{"line":24,"column":71}},"14":{"start":{"line":26,"column":4},"end":{"line":26,"column":65}},"15":{"start":{"line":31,"column":21},"end":{"line":51,"column":1}},"16":{"start":{"line":32,"column":2},"end":{"line":50,"column":3}},"17":{"start":{"line":33,"column":38},"end":{"line":33,"column":46}},"18":{"start":{"line":35,"column":25},"end":{"line":35,"column":54}},"19":{"start":{"line":36,"column":4},"end":{"line":38,"column":5}},"20":{"start":{"line":37,"column":6},"end":{"line":37,"column":70}},"21":{"start":{"line":40,"column":27},"end":{"line":40,"column":58}},"22":{"start":{"line":42,"column":17},"end":{"line":46,"column":6}},"23":{"start":{"line":47,"column":4},"end":{"line":47,"column":73}},"24":{"start":{"line":49,"column":4},"end":{"line":49,"column":68}},"25":{"start":{"line":54,"column":20},"end":{"line":67,"column":1}},"26":{"start":{"line":55,"column":2},"end":{"line":66,"column":3}},"27":{"start":{"line":56,"column":19},"end":{"line":56,"column":29}},"28":{"start":{"line":57,"column":17},"end":{"line":57,"column":40}},"29":{"start":{"line":59,"column":4},"end":{"line":61,"column":5}},"30":{"start":{"line":60,"column":6},"end":{"line":60,"column":65}},"31":{"start":{"line":62,"column":4},"end":{"line":62,"column":71}},"32":{"start":{"line":64,"column":4},"end":{"line":64,"column":23}},"33":{"start":{"line":65,"column":4},"end":{"line":65,"column":63}},"34":{"start":{"line":70,"column":20},"end":{"line":78,"column":1}},"35":{"start":{"line":71,"column":2},"end":{"line":77,"column":3}},"36":{"start":{"line":72,"column":18},"end":{"line":72,"column":35}},"37":{"start":{"line":73,"column":4},"end":{"line":73,"column":58}},"38":{"start":{"line":75,"column":4},"end":{"line":75,"column":57}},"39":{"start":{"line":76,"column":4},"end":{"line":76,"column":63}},"40":{"start":{"line":81,"column":15},"end":{"line":89,"column":1}},"41":{"start":{"line":82,"column":2},"end":{"line":88,"column":3}},"42":{"start":{"line":83,"column":4},"end":{"line":83,"column":21}},"43":{"start":{"line":84,"column":4},"end":{"line":84,"column":65}},"44":{"start":{"line":86,"column":4},"end":{"line":86,"column":49}},"45":{"start":{"line":87,"column":4},"end":{"line":87,"column":63}},"46":{"start":{"line":91,"column":0},"end":{"line":97,"column":2}}},"fnMap":{"0":{"name":"(anonymous_0)","decl":{"start":{"line":6,"column":20},"end":{"line":6,"column":21}},"loc":{"start":{"line":6,"column":40},"end":{"line":28,"column":1}},"line":6},"1":{"name":"(anonymous_1)","decl":{"start":{"line":31,"column":21},"end":{"line":31,"column":22}},"loc":{"start":{"line":31,"column":41},"end":{"line":51,"column":1}},"line":31},"2":{"name":"(anonymous_2)","decl":{"start":{"line":54,"column":20},"end":{"line":54,"column":21}},"loc":{"start":{"line":54,"column":40},"end":{"line":67,"column":1}},"line":54},"3":{"name":"(anonymous_3)","decl":{"start":{"line":70,"column":20},"end":{"line":70,"column":21}},"loc":{"start":{"line":70,"column":40},"end":{"line":78,"column":1}},"line":70},"4":{"name":"(anonymous_4)","decl":{"start":{"line":81,"column":15},"end":{"line":81,"column":16}},"loc":{"start":{"line":81,"column":35},"end":{"line":89,"column":1}},"line":81}},"branchMap":{"0":{"loc":{"start":{"line":10,"column":4},"end":{"line":12,"column":5}},"type":"if","locations":[{"start":{"line":10,"column":4},"end":{"line":12,"column":5}},{"start":{},"end":{}}],"line":10},"1":{"loc":{"start":{"line":14,"column":4},"end":{"line":16,"column":5}},"type":"if","locations":[{"start":{"line":14,"column":4},"end":{"line":16,"column":5}},{"start":{},"end":{}}],"line":14},"2":{"loc":{"start":{"line":36,"column":4},"end":{"line":38,"column":5}},"type":"if","locations":[{"start":{"line":36,"column":4},"end":{"line":38,"column":5}},{"start":{},"end":{}}],"line":36},"3":{"loc":{"start":{"line":59,"column":4},"end":{"line":61,"column":5}},"type":"if","locations":[{"start":{"line":59,"column":4},"end":{"line":61,"column":5}},{"start":{},"end":{}}],"line":59}},"s":{"0":2,"1":2,"2":2,"3":2,"4":0,"5":0,"6":0,"7":0,"8":0,"9":0,"10":0,"11":0,"12":0,"13":0,"14":0,"15":2,"16":0,"17":0,"18":0,"19":0,"20":0,"21":0,"22":0,"23":0,"24":0,"25":2,"26":0,"27":0,"28":0,"29":0,"30":0,"31":0,"32":0,"33":0,"34":2,"35":1,"36":1,"37":1,"38":0,"39":0,"40":2,"41":0,"42":0,"43":0,"44":0,"45":0,"46":2},"f":{"0":0,"1":0,"2":0,"3":1,"4":0},"b":{"0":[0,0],"1":[0,0],"2":[0,0],"3":[0,0]},"_coverageSchema":"1a1c01bbd47fc00a2c39e90264f33305004495a9","hash":"197c16468b0409e198db1ec0bdfb7eee87d1f4c7"}
,"D:\\Companies Assingment Projects\\Net-Worth Calculator\\my-project\\server\\middlewares\\auth.js": {"path":"D:\\Companies Assingment Projects\\Net-Worth Calculator\\my-project\\server\\middlewares\\auth.js","statementMap":{"0":{"start":{"line":1,"column":12},"end":{"line":1,"column":35}},"1":{"start":{"line":2,"column":13},"end":{"line":2,"column":38}},"2":{"start":{"line":3,"column":0},"end":{"line":3,"column":27}},"3":{"start":{"line":5,"column":13},"end":{"line":24,"column":1}},"4":{"start":{"line":6,"column":2},"end":{"line":23,"column":3}},"5":{"start":{"line":7,"column":18},"end":{"line":7,"column":68}},"6":{"start":{"line":8,"column":20},"end":{"line":8,"column":61}},"7":{"start":{"line":9,"column":4},"end":{"line":9,"column":25}},"8":{"start":{"line":10,"column":17},"end":{"line":13,"column":6}},"9":{"start":{"line":14,"column":4},"end":{"line":16,"column":5}},"10":{"start":{"line":15,"column":6},"end":{"line":15,"column":24}},"11":{"start":{"line":18,"column":4},"end":{"line":18,"column":22}},"12":{"start":{"line":19,"column":4},"end":{"line":19,"column":20}},"13":{"start":{"line":20,"column":4},"end":{"line":20,"column":11}},"14":{"start":{"line":22,"column":4},"end":{"line":22,"column":60}},"15":{"start":{"line":26,"column":0},"end":{"line":26,"column":22}}},"fnMap":{"0":{"name":"(anonymous_0)","decl":{"start":{"line":5,"column":13},"end":{"line":5,"column":14}},"loc":{"start":{"line":5,"column":39},"end":{"line":24,"column":1}},"line":5}},"branchMap":{"0":{"loc":{"start":{"line":14,"column":4},"end":{"line":16,"column":5}},"type":"if","locations":[{"start":{"line":14,"column":4},"end":{"line":16,"column":5}},{"start":{},"end":{}}],"line":14}},"s":{"0":2,"1":2,"2":2,"3":2,"4":0,"5":0,"6":0,"7":0,"8":0,"9":0,"10":0,"11":0,"12":0,"13":0,"14":0,"15":2},"f":{"0":0},"b":{"0":[0,0]},"_coverageSchema":"1a1c01bbd47fc00a2c39e90264f33305004495a9","hash":"9d4b40a03838fa536e7c5fe59543ea6cc1af42b2"}
,"D:\\Companies Assingment Projects\\Net-Worth Calculator\\my-project\\server\\models\\netWorthModel.js": {"path":"D:\\Companies Assingment Projects\\Net-Worth Calculator\\my-project\\server\\models\\netWorthModel.js","statementMap":{"0":{"start":{"line":1,"column":17},"end":{"line":1,"column":36}},"1":{"start":{"line":3,"column":20},"end":{"line":13,"column":1}},"2":{"start":{"line":15,"column":24},"end":{"line":25,"column":1}},"3":{"start":{"line":27,"column":23},"end":{"line":39,"column":1}},"4":{"start":{"line":41,"column":0},"end":{"line":41,"column":60}}},"fnMap":{},"branchMap":{},"s":{"0":2,"1":2,"2":2,"3":2,"4":2},"f":{},"b":{},"_coverageSchema":"1a1c01bbd47fc00a2c39e90264f33305004495a9","hash":"64a56c339d6127088957448be5e81456b46b1892"}
,"D:\\Companies Assingment Projects\\Net-Worth Calculator\\my-project\\server\\models\\user.js": {"path":"D:\\Companies Assingment Projects\\Net-Worth Calculator\\my-project\\server\\models\\user.js","statementMap":{"0":{"start":{"line":1,"column":17},"end":{"line":1,"column":36}},"1":{"start":{"line":3,"column":19},"end":{"line":19,"column":1}},"2":{"start":{"line":21,"column":13},"end":{"line":21,"column":47}},"3":{"start":{"line":22,"column":0},"end":{"line":22,"column":22}}},"fnMap":{},"branchMap":{},"s":{"0":2,"1":2,"2":2,"3":2},"f":{},"b":{},"_coverageSchema":"1a1c01bbd47fc00a2c39e90264f33305004495a9","hash":"e15f32585bb8c494c910f534a58ade2ad9780d3c"}
,"D:\\Companies Assingment Projects\\Net-Worth Calculator\\my-project\\server\\routes\\netWorthRoutes.js": {"path":"D:\\Companies Assingment Projects\\Net-Worth Calculator\\my-project\\server\\routes\\netWorthRoutes.js","statementMap":{"0":{"start":{"line":1,"column":16},"end":{"line":1,"column":34}},"1":{"start":{"line":2,"column":27},"end":{"line":2,"column":71}},"2":{"start":{"line":3,"column":15},"end":{"line":3,"column":31}},"3":{"start":{"line":5,"column":0},"end":{"line":5,"column":41}},"4":{"start":{"line":7,"column":0},"end":{"line":7,"column":24}}},"fnMap":{},"branchMap":{},"s":{"0":2,"1":2,"2":2,"3":2,"4":2},"f":{},"b":{},"_coverageSchema":"1a1c01bbd47fc00a2c39e90264f33305004495a9","hash":"2c545e21617525059dc5c92d5b9ce285983aa5d4"}
,"D:\\Companies Assingment Projects\\Net-Worth Calculator\\my-project\\server\\routes\\user.js": {"path":"D:\\Companies Assingment Projects\\Net-Worth Calculator\\my-project\\server\\routes\\user.js","statementMap":{"0":{"start":{"line":1,"column":16},"end":{"line":1,"column":34}},"1":{"start":{"line":8,"column":4},"end":{"line":8,"column":34}},"2":{"start":{"line":9,"column":13},"end":{"line":9,"column":43}},"3":{"start":{"line":11,"column":15},"end":{"line":11,"column":31}},"4":{"start":{"line":14,"column":0},"end":{"line":14,"column":35}},"5":{"start":{"line":15,"column":0},"end":{"line":15,"column":39}},"6":{"start":{"line":16,"column":0},"end":{"line":16,"column":31}},"7":{"start":{"line":19,"column":0},"end":{"line":19,"column":37}},"8":{"start":{"line":20,"column":0},"end":{"line":20,"column":33}},"9":{"start":{"line":22,"column":0},"end":{"line":22,"column":24}}},"fnMap":{},"branchMap":{},"s":{"0":2,"1":2,"2":2,"3":2,"4":2,"5":2,"6":2,"7":2,"8":2,"9":2},"f":{},"b":{},"_coverageSchema":"1a1c01bbd47fc00a2c39e90264f33305004495a9","hash":"4ba34fe7f17db40eeb75a0c84cd5106f91475dc5"}
}
